Flow report for pld_ex1
Tue Oct 17 23:40:39 2017
Quartus II Version 9.0 Build 132 02/25/2009 SJ Full Version


---------------------
; Table of Contents ;
---------------------
  1. Legal Notice
  2. Flow Summary
  3. Flow Settings
  4. Flow Non-Default Global Settings
  5. Flow Elapsed Time
  6. Flow OS Summary
  7. Flow Log



----------------
; Legal Notice ;
----------------
Copyright (C) 1991-2009 Altera Corporation
Your use of Altera Corporation's design tools, logic functions 
and other software and tools, and its AMPP partner logic 
functions, and any output files from any of the foregoing 
(including device programming or simulation files), and any 
associated documentation or information are expressly subject 
to the terms and conditions of the Altera Program License 
Subscription Agreement, Altera MegaCore Function License 
Agreement, or other applicable license agreement, including, 
without limitation, that your use is for the sole purpose of 
programming logic devices manufactured by Altera and sold by 
Altera or its authorized distributors.  Please refer to the 
applicable agreement for further details.



+--------------------------------------------------------------------+
; Flow Summary                                                       ;
+-------------------------+------------------------------------------+
; Flow Status             ; Successful - Tue Oct 17 23:40:39 2017    ;
; Quartus II Version      ; 9.0 Build 132 02/25/2009 SJ Full Version ;
; Revision Name           ; pld_ex1                                  ;
; Top-level Entity Name   ; pld_ex1                                  ;
; Family                  ; MAX7000S                                 ;
; Device                  ; EPM7128SLC84-7                           ;
; Timing Models           ; Final                                    ;
; Met timing requirements ; Yes                                      ;
; Total macrocells        ; 3 / 128 ( 2 % )                          ;
; Total pins              ; 15 / 68 ( 22 % )                         ;
+-------------------------+------------------------------------------+


+-----------------------------------------+
; Flow Settings                           ;
+-------------------+---------------------+
; Option            ; Setting             ;
+-------------------+---------------------+
; Start date & time ; 10/17/2017 23:40:36 ;
; Main task         ; Compilation         ;
; Revision Name     ; pld_ex1             ;
+-------------------+---------------------+


+------------------------------------------------------------------------------------------------------------------------------+
; Flow Non-Default Global Settings                                                                                             ;
+------------------------------------+------------------------------------------+---------------+-------------+----------------+
; Assignment Name                    ; Value                                    ; Default Value ; Entity Name ; Section Id     ;
+------------------------------------+------------------------------------------+---------------+-------------+----------------+
; COMPILER_SIGNATURE_ID              ; 141812760533406.150825483605540          ; --            ; --          ; --             ;
; MAX_CORE_JUNCTION_TEMP             ; 85                                       ; --            ; --          ; --             ;
; MIN_CORE_JUNCTION_TEMP             ; 0                                        ; --            ; --          ; --             ;
; MISC_FILE                          ; D:/Programs/FPGA/PLD/pld_ex1/pld_ex1.dpf ; --            ; --          ; --             ;
; USE_GENERATED_PHYSICAL_CONSTRAINTS ; Off                                      ; --            ; --          ; eda_blast_fpga ;
+------------------------------------+------------------------------------------+---------------+-------------+----------------+


+-----------------------------------------------------------------------------------------------------------------------------+
; Flow Elapsed Time                                                                                                           ;
+-------------------------+--------------+-------------------------+---------------------+------------------------------------+
; Module Name             ; Elapsed Time ; Average Processors Used ; Peak Virtual Memory ; Total CPU Time (on all processors) ;
+-------------------------+--------------+-------------------------+---------------------+------------------------------------+
; Analysis & Synthesis    ; 00:00:00     ; 1.0                     ; 239 MB              ; 00:00:00                           ;
; Fitter                  ; 00:00:00     ; 1.0                     ; 231 MB              ; 00:00:00                           ;
; Assembler               ; 00:00:00     ; 1.0                     ; 218 MB              ; 00:00:01                           ;
; Classic Timing Analyzer ; 00:00:00     ; 1.0                     ; 191 MB              ; 00:00:00                           ;
; Total                   ; 00:00:00     ; --                      ; --                  ; 00:00:01                           ;
+-------------------------+--------------+-------------------------+---------------------+------------------------------------+


+------------------------------------------------------------------------------------------+
; Flow OS Summary                                                                          ;
+-------------------------+------------------+---------------+------------+----------------+
; Module Name             ; Machine Hostname ; OS Name       ; OS Version ; Processor type ;
+-------------------------+------------------+---------------+------------+----------------+
; Analysis & Synthesis    ; DESKTOP-VJ5KPRO  ; Windows Vista ; 6.2        ; x86_64         ;
; Fitter                  ; DESKTOP-VJ5KPRO  ; Windows Vista ; 6.2        ; x86_64         ;
; Assembler               ; DESKTOP-VJ5KPRO  ; Windows Vista ; 6.2        ; x86_64         ;
; Classic Timing Analyzer ; DESKTOP-VJ5KPRO  ; Windows Vista ; 6.2        ; x86_64         ;
+-------------------------+------------------+---------------+------------+----------------+


------------
; Flow Log ;
------------
quartus_map --read_settings_files=on --write_settings_files=off pld_ex1 -c pld_ex1
quartus_fit --read_settings_files=off --write_settings_files=off pld_ex1 -c pld_ex1
quartus_asm --read_settings_files=off --write_settings_files=off pld_ex1 -c pld_ex1
quartus_tan --read_settings_files=off --write_settings_files=off pld_ex1 -c pld_ex1



