Flow report for de2_115
Wed Dec 27 19:16:26 2017
Quartus II 32-bit Version 13.0.0 Build 156 04/24/2013 SJ Full Version


---------------------
; Table of Contents ;
---------------------
  1. Legal Notice
  2. Flow Summary
  3. Flow Settings
  4. Flow Non-Default Global Settings
  5. Flow Elapsed Time
  6. Flow OS Summary
  7. Flow Log
  8. Flow Messages
  9. Flow Suppressed Messages



----------------
; Legal Notice ;
----------------
Copyright (C) 1991-2013 Altera Corporation
Your use of Altera Corporation's design tools, logic functions 
and other software and tools, and its AMPP partner logic 
functions, and any output files from any of the foregoing 
(including device programming or simulation files), and any 
associated documentation or information are expressly subject 
to the terms and conditions of the Altera Program License 
Subscription Agreement, Altera MegaCore Function License 
Agreement, or other applicable license agreement, including, 
without limitation, that your use is for the sole purpose of 
programming logic devices manufactured by Altera and sold by 
Altera or its authorized distributors.  Please refer to the 
applicable agreement for further details.



+----------------------------------------------------------------------------------+
; Flow Summary                                                                     ;
+------------------------------------+---------------------------------------------+
; Flow Status                        ; Successful - Wed Dec 27 19:16:20 2017       ;
; Quartus II 32-bit Version          ; 13.0.0 Build 156 04/24/2013 SJ Full Version ;
; Revision Name                      ; de2_115                                     ;
; Top-level Entity Name              ; de2_115                                     ;
; Family                             ; Cyclone IV E                                ;
; Device                             ; EP4CE115F29C7                               ;
; Timing Models                      ; Final                                       ;
; Total logic elements               ; 4,502 / 114,480 ( 4 % )                     ;
;     Total combinational functions  ; 4,009 / 114,480 ( 4 % )                     ;
;     Dedicated logic registers      ; 2,887 / 114,480 ( 3 % )                     ;
; Total registers                    ; 2955                                        ;
; Total pins                         ; 78 / 529 ( 15 % )                           ;
; Total virtual pins                 ; 0                                           ;
; Total memory bits                  ; 90,624 / 3,981,312 ( 2 % )                  ;
; Embedded Multiplier 9-bit elements ; 4 / 532 ( < 1 % )                           ;
; Total PLLs                         ; 1 / 4 ( 25 % )                              ;
+------------------------------------+---------------------------------------------+


+-----------------------------------------+
; Flow Settings                           ;
+-------------------+---------------------+
; Option            ; Setting             ;
+-------------------+---------------------+
; Start date & time ; 12/27/2017 19:15:26 ;
; Main task         ; Compilation         ;
; Revision Name     ; de2_115             ;
+-------------------+---------------------+


+------------------------------------------------------------------------------------------------------------------------------------------------------------------------+
; Flow Non-Default Global Settings                                                                                                                                       ;
+-------------------------------------+---------------------------------------------------------------+---------------+---------------------------------+----------------+
; Assignment Name                     ; Value                                                         ; Default Value ; Entity Name                     ; Section Id     ;
+-------------------------------------+---------------------------------------------------------------+---------------+---------------------------------+----------------+
; COMPILER_SIGNATURE_ID               ; 141812760533406.151437332604488                               ; --            ; --                              ; --             ;
; EDA_OUTPUT_DATA_FORMAT              ; None                                                          ; --            ; --                              ; eda_simulation ;
; IP_TOOL_ENV                         ; Qsys                                                          ; --            ; altera_avalon_sc_fifo           ; --             ;
; IP_TOOL_ENV                         ; Qsys                                                          ; --            ; altera_merlin_burst_adapter     ; --             ;
; IP_TOOL_ENV                         ; Qsys                                                          ; --            ; altera_merlin_master_agent      ; --             ;
; IP_TOOL_ENV                         ; Qsys                                                          ; --            ; altera_merlin_master_translator ; --             ;
; IP_TOOL_ENV                         ; Qsys                                                          ; --            ; altera_merlin_slave_agent       ; --             ;
; IP_TOOL_ENV                         ; Qsys                                                          ; --            ; altera_merlin_slave_translator  ; --             ;
; IP_TOOL_ENV                         ; Qsys                                                          ; --            ; altera_merlin_traffic_limiter   ; --             ;
; IP_TOOL_ENV                         ; Qsys                                                          ; --            ; altera_merlin_width_adapter     ; --             ;
; IP_TOOL_ENV                         ; Qsys                                                          ; --            ; altera_reset_controller         ; --             ;
; IP_TOOL_ENV                         ; Qsys                                                          ; --            ; myniosiicpu                     ; --             ;
; IP_TOOL_ENV                         ; Qsys                                                          ; --            ; myniosiicpu_TIMER1              ; --             ;
; IP_TOOL_ENV                         ; Qsys                                                          ; --            ; myniosiicpu_TIMER2              ; --             ;
; IP_TOOL_ENV                         ; Qsys                                                          ; --            ; myniosiicpu_addr_router         ; --             ;
; IP_TOOL_ENV                         ; Qsys                                                          ; --            ; myniosiicpu_button_pio          ; --             ;
; IP_TOOL_ENV                         ; Qsys                                                          ; --            ; myniosiicpu_cmd_xbar_demux      ; --             ;
; IP_TOOL_ENV                         ; Qsys                                                          ; --            ; myniosiicpu_cmd_xbar_demux_001  ; --             ;
; IP_TOOL_ENV                         ; Qsys                                                          ; --            ; myniosiicpu_cmd_xbar_mux        ; --             ;
; IP_TOOL_ENV                         ; Qsys                                                          ; --            ; myniosiicpu_cpu                 ; --             ;
; IP_TOOL_ENV                         ; Qsys                                                          ; --            ; myniosiicpu_epcs                ; --             ;
; IP_TOOL_ENV                         ; Qsys                                                          ; --            ; myniosiicpu_id_router           ; --             ;
; IP_TOOL_ENV                         ; Qsys                                                          ; --            ; myniosiicpu_id_router_001       ; --             ;
; IP_TOOL_ENV                         ; Qsys                                                          ; --            ; myniosiicpu_irq_mapper          ; --             ;
; IP_TOOL_ENV                         ; Qsys                                                          ; --            ; myniosiicpu_jtag_uart           ; --             ;
; IP_TOOL_ENV                         ; Qsys                                                          ; --            ; myniosiicpu_lcd_display         ; --             ;
; IP_TOOL_ENV                         ; Qsys                                                          ; --            ; myniosiicpu_led_pio             ; --             ;
; IP_TOOL_ENV                         ; Qsys                                                          ; --            ; myniosiicpu_led_red_pio         ; --             ;
; IP_TOOL_ENV                         ; Qsys                                                          ; --            ; myniosiicpu_rsp_xbar_demux      ; --             ;
; IP_TOOL_ENV                         ; Qsys                                                          ; --            ; myniosiicpu_rsp_xbar_mux        ; --             ;
; IP_TOOL_ENV                         ; Qsys                                                          ; --            ; myniosiicpu_sdram               ; --             ;
; IP_TOOL_ENV                         ; Qsys                                                          ; --            ; myniosiicpu_sysid               ; --             ;
; IP_TOOL_NAME                        ; ALTPLL                                                        ; --            ; --                              ; --             ;
; IP_TOOL_NAME                        ; altera_avalon_sc_fifo                                         ; --            ; altera_avalon_sc_fifo           ; --             ;
; IP_TOOL_NAME                        ; altera_merlin_burst_adapter                                   ; --            ; altera_merlin_burst_adapter     ; --             ;
; IP_TOOL_NAME                        ; altera_merlin_master_agent                                    ; --            ; altera_merlin_master_agent      ; --             ;
; IP_TOOL_NAME                        ; altera_merlin_master_translator                               ; --            ; altera_merlin_master_translator ; --             ;
; IP_TOOL_NAME                        ; altera_merlin_slave_agent                                     ; --            ; altera_merlin_slave_agent       ; --             ;
; IP_TOOL_NAME                        ; altera_merlin_slave_translator                                ; --            ; altera_merlin_slave_translator  ; --             ;
; IP_TOOL_NAME                        ; altera_merlin_traffic_limiter                                 ; --            ; altera_merlin_traffic_limiter   ; --             ;
; IP_TOOL_NAME                        ; altera_merlin_width_adapter                                   ; --            ; altera_merlin_width_adapter     ; --             ;
; IP_TOOL_NAME                        ; altera_reset_controller                                       ; --            ; altera_reset_controller         ; --             ;
; IP_TOOL_NAME                        ; Qsys                                                          ; --            ; myniosiicpu                     ; --             ;
; IP_TOOL_NAME                        ; altera_avalon_timer                                           ; --            ; myniosiicpu_TIMER1              ; --             ;
; IP_TOOL_NAME                        ; altera_avalon_timer                                           ; --            ; myniosiicpu_TIMER2              ; --             ;
; IP_TOOL_NAME                        ; altera_merlin_router                                          ; --            ; myniosiicpu_addr_router         ; --             ;
; IP_TOOL_NAME                        ; altera_avalon_pio                                             ; --            ; myniosiicpu_button_pio          ; --             ;
; IP_TOOL_NAME                        ; altera_merlin_demultiplexer                                   ; --            ; myniosiicpu_cmd_xbar_demux      ; --             ;
; IP_TOOL_NAME                        ; altera_merlin_demultiplexer                                   ; --            ; myniosiicpu_cmd_xbar_demux_001  ; --             ;
; IP_TOOL_NAME                        ; altera_merlin_multiplexer                                     ; --            ; myniosiicpu_cmd_xbar_mux        ; --             ;
; IP_TOOL_NAME                        ; altera_nios2_qsys                                             ; --            ; myniosiicpu_cpu                 ; --             ;
; IP_TOOL_NAME                        ; altera_avalon_epcs_flash_controller                           ; --            ; myniosiicpu_epcs                ; --             ;
; IP_TOOL_NAME                        ; altera_merlin_router                                          ; --            ; myniosiicpu_id_router           ; --             ;
; IP_TOOL_NAME                        ; altera_merlin_router                                          ; --            ; myniosiicpu_id_router_001       ; --             ;
; IP_TOOL_NAME                        ; altera_irq_mapper                                             ; --            ; myniosiicpu_irq_mapper          ; --             ;
; IP_TOOL_NAME                        ; altera_avalon_jtag_uart                                       ; --            ; myniosiicpu_jtag_uart           ; --             ;
; IP_TOOL_NAME                        ; altera_avalon_lcd_16207                                       ; --            ; myniosiicpu_lcd_display         ; --             ;
; IP_TOOL_NAME                        ; altera_avalon_pio                                             ; --            ; myniosiicpu_led_pio             ; --             ;
; IP_TOOL_NAME                        ; altera_avalon_pio                                             ; --            ; myniosiicpu_led_red_pio         ; --             ;
; IP_TOOL_NAME                        ; altera_merlin_demultiplexer                                   ; --            ; myniosiicpu_rsp_xbar_demux      ; --             ;
; IP_TOOL_NAME                        ; altera_merlin_multiplexer                                     ; --            ; myniosiicpu_rsp_xbar_mux        ; --             ;
; IP_TOOL_NAME                        ; altera_avalon_new_sdram_controller                            ; --            ; myniosiicpu_sdram               ; --             ;
; IP_TOOL_NAME                        ; altera_avalon_sysid_qsys                                      ; --            ; myniosiicpu_sysid               ; --             ;
; IP_TOOL_VERSION                     ; 13.0                                                          ; --            ; --                              ; --             ;
; IP_TOOL_VERSION                     ; 13.0                                                          ; --            ; altera_avalon_sc_fifo           ; --             ;
; IP_TOOL_VERSION                     ; 13.0                                                          ; --            ; altera_merlin_burst_adapter     ; --             ;
; IP_TOOL_VERSION                     ; 13.0                                                          ; --            ; altera_merlin_master_agent      ; --             ;
; IP_TOOL_VERSION                     ; 13.0                                                          ; --            ; altera_merlin_master_translator ; --             ;
; IP_TOOL_VERSION                     ; 13.0                                                          ; --            ; altera_merlin_slave_agent       ; --             ;
; IP_TOOL_VERSION                     ; 13.0                                                          ; --            ; altera_merlin_slave_translator  ; --             ;
; IP_TOOL_VERSION                     ; 13.0                                                          ; --            ; altera_merlin_traffic_limiter   ; --             ;
; IP_TOOL_VERSION                     ; 13.0                                                          ; --            ; altera_merlin_width_adapter     ; --             ;
; IP_TOOL_VERSION                     ; 13.0                                                          ; --            ; altera_reset_controller         ; --             ;
; IP_TOOL_VERSION                     ; 13.0                                                          ; --            ; myniosiicpu                     ; --             ;
; IP_TOOL_VERSION                     ; 13.0.1                                                        ; --            ; myniosiicpu_TIMER1              ; --             ;
; IP_TOOL_VERSION                     ; 13.0.1                                                        ; --            ; myniosiicpu_TIMER2              ; --             ;
; IP_TOOL_VERSION                     ; 13.0                                                          ; --            ; myniosiicpu_addr_router         ; --             ;
; IP_TOOL_VERSION                     ; 13.0.1                                                        ; --            ; myniosiicpu_button_pio          ; --             ;
; IP_TOOL_VERSION                     ; 13.0                                                          ; --            ; myniosiicpu_cmd_xbar_demux      ; --             ;
; IP_TOOL_VERSION                     ; 13.0                                                          ; --            ; myniosiicpu_cmd_xbar_demux_001  ; --             ;
; IP_TOOL_VERSION                     ; 13.0                                                          ; --            ; myniosiicpu_cmd_xbar_mux        ; --             ;
; IP_TOOL_VERSION                     ; 13.0                                                          ; --            ; myniosiicpu_cpu                 ; --             ;
; IP_TOOL_VERSION                     ; 13.0.1                                                        ; --            ; myniosiicpu_epcs                ; --             ;
; IP_TOOL_VERSION                     ; 13.0                                                          ; --            ; myniosiicpu_id_router           ; --             ;
; IP_TOOL_VERSION                     ; 13.0                                                          ; --            ; myniosiicpu_id_router_001       ; --             ;
; IP_TOOL_VERSION                     ; 13.0                                                          ; --            ; myniosiicpu_irq_mapper          ; --             ;
; IP_TOOL_VERSION                     ; 13.0.1                                                        ; --            ; myniosiicpu_jtag_uart           ; --             ;
; IP_TOOL_VERSION                     ; 13.0.1                                                        ; --            ; myniosiicpu_lcd_display         ; --             ;
; IP_TOOL_VERSION                     ; 13.0.1                                                        ; --            ; myniosiicpu_led_pio             ; --             ;
; IP_TOOL_VERSION                     ; 13.0.1                                                        ; --            ; myniosiicpu_led_red_pio         ; --             ;
; IP_TOOL_VERSION                     ; 13.0                                                          ; --            ; myniosiicpu_rsp_xbar_demux      ; --             ;
; IP_TOOL_VERSION                     ; 13.0                                                          ; --            ; myniosiicpu_rsp_xbar_mux        ; --             ;
; IP_TOOL_VERSION                     ; 13.0.1                                                        ; --            ; myniosiicpu_sdram               ; --             ;
; IP_TOOL_VERSION                     ; 13.0                                                          ; --            ; myniosiicpu_sysid               ; --             ;
; MAX_CORE_JUNCTION_TEMP              ; 85                                                            ; --            ; --                              ; --             ;
; MIN_CORE_JUNCTION_TEMP              ; 0                                                             ; --            ; --                              ; --             ;
; MISC_FILE                           ; myniosiicpu/synthesis/../../myniosiicpu.cmp                   ; --            ; --                              ; --             ;
; MISC_FILE                           ; myniosiicpu/synthesis/../../myniosiicpu.qsys                  ; --            ; --                              ; --             ;
; MISC_FILE                           ; mypll.bsf                                                     ; --            ; --                              ; --             ;
; MISC_FILE                           ; mypll_bb.v                                                    ; --            ; --                              ; --             ;
; MISC_FILE                           ; mypll.ppf                                                     ; --            ; --                              ; --             ;
; OUTPUT_IO_TIMING_FAR_END_VMEAS      ; Half Signal Swing                                             ; --            ; --                              ; --             ;
; OUTPUT_IO_TIMING_FAR_END_VMEAS      ; Half Signal Swing                                             ; --            ; --                              ; --             ;
; OUTPUT_IO_TIMING_NEAR_END_VMEAS     ; Half Vccio                                                    ; --            ; --                              ; --             ;
; OUTPUT_IO_TIMING_NEAR_END_VMEAS     ; Half Vccio                                                    ; --            ; --                              ; --             ;
; PARTITION_COLOR                     ; 16764057                                                      ; --            ; --                              ; Top            ;
; PARTITION_FITTER_PRESERVATION_LEVEL ; PLACEMENT_AND_ROUTING                                         ; --            ; --                              ; Top            ;
; PARTITION_NETLIST_TYPE              ; SOURCE                                                        ; --            ; --                              ; Top            ;
; POWER_BOARD_THERMAL_MODEL           ; None (CONSERVATIVE)                                           ; --            ; --                              ; --             ;
; POWER_PRESET_COOLING_SOLUTION       ; 23 MM HEAT SINK WITH 200 LFPM AIRFLOW                         ; --            ; --                              ; --             ;
; PROJECT_OUTPUT_DIRECTORY            ; output_files                                                  ; --            ; --                              ; --             ;
; SLD_INFO                            ; QSYS_NAME myniosiicpu HAS_SOPCINFO 1 GENERATION_ID 1514309115 ; --            ; myniosiicpu                     ; --             ;
; SOPCINFO_FILE                       ; myniosiicpu/synthesis/../../myniosiicpu.sopcinfo              ; --            ; --                              ; --             ;
; SYNTHESIS_ONLY_QIP                  ; On                                                            ; --            ; --                              ; --             ;
+-------------------------------------+---------------------------------------------------------------+---------------+---------------------------------+----------------+


+-------------------------------------------------------------------------------------------------------------------------------+
; Flow Elapsed Time                                                                                                             ;
+---------------------------+--------------+-------------------------+---------------------+------------------------------------+
; Module Name               ; Elapsed Time ; Average Processors Used ; Peak Virtual Memory ; Total CPU Time (on all processors) ;
+---------------------------+--------------+-------------------------+---------------------+------------------------------------+
; Analysis & Synthesis      ; 00:00:19     ; 1.0                     ; 583 MB              ; 00:00:18                           ;
; Fitter                    ; 00:00:26     ; 1.5                     ; 946 MB              ; 00:00:35                           ;
; Assembler                 ; 00:00:05     ; 1.0                     ; 464 MB              ; 00:00:06                           ;
; TimeQuest Timing Analyzer ; 00:00:05     ; 1.3                     ; 563 MB              ; 00:00:05                           ;
; Total                     ; 00:00:55     ; --                      ; --                  ; 00:01:04                           ;
+---------------------------+--------------+-------------------------+---------------------+------------------------------------+


+----------------------------------------------------------------------------------------+
; Flow OS Summary                                                                        ;
+---------------------------+------------------+-----------+------------+----------------+
; Module Name               ; Machine Hostname ; OS Name   ; OS Version ; Processor type ;
+---------------------------+------------------+-----------+------------+----------------+
; Analysis & Synthesis      ; DESKTOP-VJ5KPRO  ; Windows 7 ; 6.2        ; x86_64         ;
; Fitter                    ; DESKTOP-VJ5KPRO  ; Windows 7 ; 6.2        ; x86_64         ;
; Assembler                 ; DESKTOP-VJ5KPRO  ; Windows 7 ; 6.2        ; x86_64         ;
; TimeQuest Timing Analyzer ; DESKTOP-VJ5KPRO  ; Windows 7 ; 6.2        ; x86_64         ;
+---------------------------+------------------+-----------+------------+----------------+


------------
; Flow Log ;
------------
quartus_map --read_settings_files=on --write_settings_files=off de2_115 -c de2_115
quartus_fit --read_settings_files=off --write_settings_files=off de2_115 -c de2_115
quartus_asm --read_settings_files=off --write_settings_files=off de2_115 -c de2_115
quartus_sta de2_115 -c de2_115



