
**** Build of configuration Nios II for project test ****

make all 
      0 [main] sh 22640 find_fast_cwd: WARNING: Couldn't compute FAST_CWD pointer.  Please report this problem to
the public mailing list cygwin@cygwin.com
      0 [main] sh 10024 find_fast_cwd: WARNING: Couldn't compute FAST_CWD pointer.  Please report this problem to
the public mailing list cygwin@cygwin.com
      0 [main] echo 15896 find_fast_cwd: WARNING: Couldn't compute FAST_CWD pointer.  Please report this problem to
Info: Building ../test_bsp/
the public mailing list cygwin@cygwin.com
make --no-print-directory -C ../test_bsp/
      0 [main] pwd 7572 find_fast_cwd: WARNING: Couldn't compute FAST_CWD pointer.  Please report this problem to
the public mailing list cygwin@cygwin.com
      0 [main] sh 16184 find_fast_cwd: WARNING: Couldn't compute FAST_CWD pointer.  Please report this problem to
the public mailing list cygwin@cygwin.com
      0 [main] echo 18832 find_fast_cwd: WARNING: Couldn't compute FAST_CWD pointer.  Please report this problem to
Compiling alt_alarm_start.c...
the public mailing list cygwin@cygwin.com
      0 [main] mkdir 20352 find_fast_cwd: WARNING: Couldn't compute FAST_CWD pointer.  Please report this problem to
the public mailing list cygwin@cygwin.com
nios2-elf-gcc -xc -MP -MMD -c  -I./HAL/inc -I. -I./drivers/inc -DSYSTEM_BUS_WIDTH=32 -pipe -D__hal__ -DALT_NO_INSTRUCTION_EMULATION -DALT_SINGLE_THREADED    -O0 -g -Wall  -EL -mno-hw-div -mhw-mul -mno-hw-mulx   -o obj/HAL/src/alt_alarm_start.o HAL/src/alt_alarm_start.c
      0 [main] echo 20052 find_fast_cwd: WARNING: Couldn't compute FAST_CWD pointer.  Please report this problem to
the public mailing list cygwin@cygwin.com
Compiling alt_busy_sleep.c...
      0 [main] mkdir 18352 find_fast_cwd: WARNING: Couldn't compute FAST_CWD pointer.  Please report this problem to
nios2-elf-gcc -xc -MP -MMD -c  -I./HAL/inc -I. -I./drivers/inc -DSYSTEM_BUS_WIDTH=32 -pipe -D__hal__ -DALT_NO_INSTRUCTION_EMULATION -DALT_SINGLE_THREADED    -O0 -g -Wall  -EL -mno-hw-div -mhw-mul -mno-hw-mulx   -o obj/HAL/src/alt_busy_sleep.o HAL/src/alt_busy_sleep.c
the public mailing list cygwin@cygwin.com
      0 [main] echo 21232 find_fast_cwd: WARNING: Couldn't compute FAST_CWD pointer.  Please report this problem to
Compiling alt_close.c...
the public mailing list cygwin@cygwin.com
      0 [main] mkdir 7492 find_fast_cwd: WARNING: Couldn't compute FAST_CWD pointer.  Please report this problem to
nios2-elf-gcc -xc -MP -MMD -c  -I./HAL/inc -I. -I./drivers/inc -DSYSTEM_BUS_WIDTH=32 -pipe -D__hal__ -DALT_NO_INSTRUCTION_EMULATION -DALT_SINGLE_THREADED    -O0 -g -Wall  -EL -mno-hw-div -mhw-mul -mno-hw-mulx   -o obj/HAL/src/alt_close.o HAL/src/alt_close.c
the public mailing list cygwin@cygwin.com
      0 [main] echo 18464 find_fast_cwd: WARNING: Couldn't compute FAST_CWD pointer.  Please report this problem to
Compiling alt_dcache_flush.c...
the public mailing list cygwin@cygwin.com
      0 [main] mkdir 10728 find_fast_cwd: WARNING: Couldn't compute FAST_CWD pointer.  Please report this problem to
nios2-elf-gcc -xc -MP -MMD -c  -I./HAL/inc -I. -I./drivers/inc -DSYSTEM_BUS_WIDTH=32 -pipe -D__hal__ -DALT_NO_INSTRUCTION_EMULATION -DALT_SINGLE_THREADED    -O0 -g -Wall  -EL -mno-hw-div -mhw-mul -mno-hw-mulx   -o obj/HAL/src/alt_dcache_flush.o HAL/src/alt_dcache_flush.c
the public mailing list cygwin@cygwin.com
      0 [main] echo 19448 find_fast_cwd: WARNING: Couldn't compute FAST_CWD pointer.  Please report this problem to
Compiling alt_dcache_flush_all.c...
the public mailing list cygwin@cygwin.com
      0 [main] mkdir 3528 find_fast_cwd: WARNING: Couldn't compute FAST_CWD pointer.  Please report this problem to
nios2-elf-gcc -xc -MP -MMD -c  -I./HAL/inc -I. -I./drivers/inc -DSYSTEM_BUS_WIDTH=32 -pipe -D__hal__ -DALT_NO_INSTRUCTION_EMULATION -DALT_SINGLE_THREADED    -O0 -g -Wall  -EL -mno-hw-div -mhw-mul -mno-hw-mulx   -o obj/HAL/src/alt_dcache_flush_all.o HAL/src/alt_dcache_flush_all.c
the public mailing list cygwin@cygwin.com
      0 [main] echo 22532 find_fast_cwd: WARNING: Couldn't compute FAST_CWD pointer.  Please report this problem to
Compiling alt_dcache_flush_no_writeback.c...
the public mailing list cygwin@cygwin.com
      0 [main] mkdir 23312 find_fast_cwd: WARNING: Couldn't compute FAST_CWD pointer.  Please report this problem to
the public mailing list cygwin@cygwin.com
nios2-elf-gcc -xc -MP -MMD -c  -I./HAL/inc -I. -I./drivers/inc -DSYSTEM_BUS_WIDTH=32 -pipe -D__hal__ -DALT_NO_INSTRUCTION_EMULATION -DALT_SINGLE_THREADED    -O0 -g -Wall  -EL -mno-hw-div -mhw-mul -mno-hw-mulx   -o obj/HAL/src/alt_dcache_flush_no_writeback.o HAL/src/alt_dcache_flush_no_writeback.c
      0 [main] echo 21400 find_fast_cwd: WARNING: Couldn't compute FAST_CWD pointer.  Please report this problem to
Compiling alt_dev.c...
the public mailing list cygwin@cygwin.com
      0 [main] mkdir 25588 find_fast_cwd: WARNING: Couldn't compute FAST_CWD pointer.  Please report this problem to
the public mailing list cygwin@cygwin.com
nios2-elf-gcc -xc -MP -MMD -c  -I./HAL/inc -I. -I./drivers/inc -DSYSTEM_BUS_WIDTH=32 -pipe -D__hal__ -DALT_NO_INSTRUCTION_EMULATION -DALT_SINGLE_THREADED    -O0 -g -Wall  -EL -mno-hw-div -mhw-mul -mno-hw-mulx   -o obj/HAL/src/alt_dev.o HAL/src/alt_dev.c
      0 [main] echo 13436 find_fast_cwd: WARNING: Couldn't compute FAST_CWD pointer.  Please report this problem to
Compiling alt_dev_llist_insert.c...
the public mailing list cygwin@cygwin.com
      0 [main] mkdir 25472 find_fast_cwd: WARNING: Couldn't compute FAST_CWD pointer.  Please report this problem to
nios2-elf-gcc -xc -MP -MMD -c  -I./HAL/inc -I. -I./drivers/inc -DSYSTEM_BUS_WIDTH=32 -pipe -D__hal__ -DALT_NO_INSTRUCTION_EMULATION -DALT_SINGLE_THREADED    -O0 -g -Wall  -EL -mno-hw-div -mhw-mul -mno-hw-mulx   -o obj/HAL/src/alt_dev_llist_insert.o HAL/src/alt_dev_llist_insert.c
the public mailing list cygwin@cygwin.com
      0 [main] echo 8420 find_fast_cwd: WARNING: Couldn't compute FAST_CWD pointer.  Please report this problem to
Compiling alt_dma_rxchan_open.c...
the public mailing list cygwin@cygwin.com
      0 [main] mkdir 13260 find_fast_cwd: WARNING: Couldn't compute FAST_CWD pointer.  Please report this problem to
the public mailing list cygwin@cygwin.com
nios2-elf-gcc -xc -MP -MMD -c  -I./HAL/inc -I. -I./drivers/inc -DSYSTEM_BUS_WIDTH=32 -pipe -D__hal__ -DALT_NO_INSTRUCTION_EMULATION -DALT_SINGLE_THREADED    -O0 -g -Wall  -EL -mno-hw-div -mhw-mul -mno-hw-mulx   -o obj/HAL/src/alt_dma_rxchan_open.o HAL/src/alt_dma_rxchan_open.c
      0 [main] echo 25176 find_fast_cwd: WARNING: Couldn't compute FAST_CWD pointer.  Please report this problem to
Compiling alt_dma_txchan_open.c...
the public mailing list cygwin@cygwin.com
      0 [main] mkdir 7384 find_fast_cwd: WARNING: Couldn't compute FAST_CWD pointer.  Please report this problem to
the public mailing list cygwin@cygwin.com
nios2-elf-gcc -xc -MP -MMD -c  -I./HAL/inc -I. -I./drivers/inc -DSYSTEM_BUS_WIDTH=32 -pipe -D__hal__ -DALT_NO_INSTRUCTION_EMULATION -DALT_SINGLE_THREADED    -O0 -g -Wall  -EL -mno-hw-div -mhw-mul -mno-hw-mulx   -o obj/HAL/src/alt_dma_txchan_open.o HAL/src/alt_dma_txchan_open.c
      0 [main] echo 24252 find_fast_cwd: WARNING: Couldn't compute FAST_CWD pointer.  Please report this problem to
Compiling alt_do_ctors.c...
the public mailing list cygwin@cygwin.com
      0 [main] mkdir 25328 find_fast_cwd: WARNING: Couldn't compute FAST_CWD pointer.  Please report this problem to
nios2-elf-gcc -xc -MP -MMD -c  -I./HAL/inc -I. -I./drivers/inc -DSYSTEM_BUS_WIDTH=32 -pipe -D__hal__ -DALT_NO_INSTRUCTION_EMULATION -DALT_SINGLE_THREADED    -O0 -g -Wall  -EL -mno-hw-div -mhw-mul -mno-hw-mulx   -o obj/HAL/src/alt_do_ctors.o HAL/src/alt_do_ctors.c
the public mailing list cygwin@cygwin.com
      0 [main] echo 11816 find_fast_cwd: WARNING: Couldn't compute FAST_CWD pointer.  Please report this problem to
Compiling alt_do_dtors.c...
the public mailing list cygwin@cygwin.com
      0 [main] mkdir 17684 find_fast_cwd: WARNING: Couldn't compute FAST_CWD pointer.  Please report this problem to
nios2-elf-gcc -xc -MP -MMD -c  -I./HAL/inc -I. -I./drivers/inc -DSYSTEM_BUS_WIDTH=32 -pipe -D__hal__ -DALT_NO_INSTRUCTION_EMULATION -DALT_SINGLE_THREADED    -O0 -g -Wall  -EL -mno-hw-div -mhw-mul -mno-hw-mulx   -o obj/HAL/src/alt_do_dtors.o HAL/src/alt_do_dtors.c
the public mailing list cygwin@cygwin.com
      0 [main] echo 21092 find_fast_cwd: WARNING: Couldn't compute FAST_CWD pointer.  Please report this problem to
Compiling alt_env_lock.c...
the public mailing list cygwin@cygwin.com
      0 [main] mkdir 23988 find_fast_cwd: WARNING: Couldn't compute FAST_CWD pointer.  Please report this problem to
nios2-elf-gcc -xc -MP -MMD -c  -I./HAL/inc -I. -I./drivers/inc -DSYSTEM_BUS_WIDTH=32 -pipe -D__hal__ -DALT_NO_INSTRUCTION_EMULATION -DALT_SINGLE_THREADED    -O0 -g -Wall  -EL -mno-hw-div -mhw-mul -mno-hw-mulx   -o obj/HAL/src/alt_env_lock.o HAL/src/alt_env_lock.c
the public mailing list cygwin@cygwin.com
      0 [main] echo 19248 find_fast_cwd: WARNING: Couldn't compute FAST_CWD pointer.  Please report this problem to
Compiling alt_environ.c...
the public mailing list cygwin@cygwin.com
      0 [main] mkdir 23264 find_fast_cwd: WARNING: Couldn't compute FAST_CWD pointer.  Please report this problem to
nios2-elf-gcc -xc -MP -MMD -c  -I./HAL/inc -I. -I./drivers/inc -DSYSTEM_BUS_WIDTH=32 -pipe -D__hal__ -DALT_NO_INSTRUCTION_EMULATION -DALT_SINGLE_THREADED    -O0 -g -Wall  -EL -mno-hw-div -mhw-mul -mno-hw-mulx   -o obj/HAL/src/alt_environ.o HAL/src/alt_environ.c
the public mailing list cygwin@cygwin.com
      0 [main] echo 1348 find_fast_cwd: WARNING: Couldn't compute FAST_CWD pointer.  Please report this problem to
Compiling alt_errno.c...
the public mailing list cygwin@cygwin.com
      0 [main] mkdir 24032 find_fast_cwd: WARNING: Couldn't compute FAST_CWD pointer.  Please report this problem to
nios2-elf-gcc -xc -MP -MMD -c  -I./HAL/inc -I. -I./drivers/inc -DSYSTEM_BUS_WIDTH=32 -pipe -D__hal__ -DALT_NO_INSTRUCTION_EMULATION -DALT_SINGLE_THREADED    -O0 -g -Wall  -EL -mno-hw-div -mhw-mul -mno-hw-mulx   -o obj/HAL/src/alt_errno.o HAL/src/alt_errno.c
the public mailing list cygwin@cygwin.com
      0 [main] echo 15016 find_fast_cwd: WARNING: Couldn't compute FAST_CWD pointer.  Please report this problem to
Compiling alt_exception_entry.S...
the public mailing list cygwin@cygwin.com
      1 [main] mkdir 24780 find_fast_cwd: WARNING: Couldn't compute FAST_CWD pointer.  Please report this problem to
nios2-elf-gcc -MP -MMD -c   -O0 -g -Wall  -EL -mno-hw-div -mhw-mul -mno-hw-mulx    -I./HAL/inc -I. -I./drivers/inc -DSYSTEM_BUS_WIDTH=32 -pipe -D__hal__ -DALT_NO_INSTRUCTION_EMULATION -DALT_SINGLE_THREADED  -Wa,-gdwarf2  -o obj/HAL/src/alt_exception_entry.o HAL/src/alt_exception_entry.S
the public mailing list cygwin@cygwin.com
      0 [main] echo 21972 find_fast_cwd: WARNING: Couldn't compute FAST_CWD pointer.  Please report this problem to
the public mailing list cygwin@cygwin.com
Compiling alt_exception_muldiv.S...
      0 [main] mkdir 25116 find_fast_cwd: WARNING: Couldn't compute FAST_CWD pointer.  Please report this problem to
the public mailing list cygwin@cygwin.com
nios2-elf-gcc -MP -MMD -c   -O0 -g -Wall  -EL -mno-hw-div -mhw-mul -mno-hw-mulx    -I./HAL/inc -I. -I./drivers/inc -DSYSTEM_BUS_WIDTH=32 -pipe -D__hal__ -DALT_NO_INSTRUCTION_EMULATION -DALT_SINGLE_THREADED  -Wa,-gdwarf2  -o obj/HAL/src/alt_exception_muldiv.o HAL/src/alt_exception_muldiv.S
      0 [main] echo 14796 find_fast_cwd: WARNING: Couldn't compute FAST_CWD pointer.  Please report this problem to
Compiling alt_exception_trap.S...
the public mailing list cygwin@cygwin.com
      0 [main] mkdir 14048 find_fast_cwd: WARNING: Couldn't compute FAST_CWD pointer.  Please report this problem to
nios2-elf-gcc -MP -MMD -c   -O0 -g -Wall  -EL -mno-hw-div -mhw-mul -mno-hw-mulx    -I./HAL/inc -I. -I./drivers/inc -DSYSTEM_BUS_WIDTH=32 -pipe -D__hal__ -DALT_NO_INSTRUCTION_EMULATION -DALT_SINGLE_THREADED  -Wa,-gdwarf2  -o obj/HAL/src/alt_exception_trap.o HAL/src/alt_exception_trap.S
the public mailing list cygwin@cygwin.com
      0 [main] echo 13924 find_fast_cwd: WARNING: Couldn't compute FAST_CWD pointer.  Please report this problem to
Compiling alt_execve.c...
the public mailing list cygwin@cygwin.com
      0 [main] mkdir 3468 find_fast_cwd: WARNING: Couldn't compute FAST_CWD pointer.  Please report this problem to
the public mailing list cygwin@cygwin.com
nios2-elf-gcc -xc -MP -MMD -c  -I./HAL/inc -I. -I./drivers/inc -DSYSTEM_BUS_WIDTH=32 -pipe -D__hal__ -DALT_NO_INSTRUCTION_EMULATION -DALT_SINGLE_THREADED    -O0 -g -Wall  -EL -mno-hw-div -mhw-mul -mno-hw-mulx   -o obj/HAL/src/alt_execve.o HAL/src/alt_execve.c
      0 [main] echo 11836 find_fast_cwd: WARNING: Couldn't compute FAST_CWD pointer.  Please report this problem to
Compiling alt_exit.c...
the public mailing list cygwin@cygwin.com
      0 [main] mkdir 25540 find_fast_cwd: WARNING: Couldn't compute FAST_CWD pointer.  Please report this problem to
the public mailing list cygwin@cygwin.com
nios2-elf-gcc -xc -MP -MMD -c  -I./HAL/inc -I. -I./drivers/inc -DSYSTEM_BUS_WIDTH=32 -pipe -D__hal__ -DALT_NO_INSTRUCTION_EMULATION -DALT_SINGLE_THREADED    -O0 -g -Wall  -EL -mno-hw-div -mhw-mul -mno-hw-mulx   -o obj/HAL/src/alt_exit.o HAL/src/alt_exit.c
      0 [main] echo 15700 find_fast_cwd: WARNING: Couldn't compute FAST_CWD pointer.  Please report this problem to
the public mailing list cygwin@cygwin.com
Compiling alt_fcntl.c...
      0 [main] mkdir 3904 find_fast_cwd: WARNING: Couldn't compute FAST_CWD pointer.  Please report this problem to
nios2-elf-gcc -xc -MP -MMD -c  -I./HAL/inc -I. -I./drivers/inc -DSYSTEM_BUS_WIDTH=32 -pipe -D__hal__ -DALT_NO_INSTRUCTION_EMULATION -DALT_SINGLE_THREADED    -O0 -g -Wall  -EL -mno-hw-div -mhw-mul -mno-hw-mulx   -o obj/HAL/src/alt_fcntl.o HAL/src/alt_fcntl.c
the public mailing list cygwin@cygwin.com
      0 [main] echo 21344 find_fast_cwd: WARNING: Couldn't compute FAST_CWD pointer.  Please report this problem to
Compiling alt_fd_lock.c...
the public mailing list cygwin@cygwin.com
      0 [main] mkdir 20448 find_fast_cwd: WARNING: Couldn't compute FAST_CWD pointer.  Please report this problem to
nios2-elf-gcc -xc -MP -MMD -c  -I./HAL/inc -I. -I./drivers/inc -DSYSTEM_BUS_WIDTH=32 -pipe -D__hal__ -DALT_NO_INSTRUCTION_EMULATION -DALT_SINGLE_THREADED    -O0 -g -Wall  -EL -mno-hw-div -mhw-mul -mno-hw-mulx   -o obj/HAL/src/alt_fd_lock.o HAL/src/alt_fd_lock.c
the public mailing list cygwin@cygwin.com
      0 [main] echo 24980 find_fast_cwd: WARNING: Couldn't compute FAST_CWD pointer.  Please report this problem to
Compiling alt_fd_unlock.c...
the public mailing list cygwin@cygwin.com
      0 [main] mkdir 25144 find_fast_cwd: WARNING: Couldn't compute FAST_CWD pointer.  Please report this problem to
nios2-elf-gcc -xc -MP -MMD -c  -I./HAL/inc -I. -I./drivers/inc -DSYSTEM_BUS_WIDTH=32 -pipe -D__hal__ -DALT_NO_INSTRUCTION_EMULATION -DALT_SINGLE_THREADED    -O0 -g -Wall  -EL -mno-hw-div -mhw-mul -mno-hw-mulx   -o obj/HAL/src/alt_fd_unlock.o HAL/src/alt_fd_unlock.c
the public mailing list cygwin@cygwin.com
      0 [main] echo 19380 find_fast_cwd: WARNING: Couldn't compute FAST_CWD pointer.  Please report this problem to
Compiling alt_find_dev.c...
the public mailing list cygwin@cygwin.com
      0 [main] mkdir 14060 find_fast_cwd: WARNING: Couldn't compute FAST_CWD pointer.  Please report this problem to
the public mailing list cygwin@cygwin.com
nios2-elf-gcc -xc -MP -MMD -c  -I./HAL/inc -I. -I./drivers/inc -DSYSTEM_BUS_WIDTH=32 -pipe -D__hal__ -DALT_NO_INSTRUCTION_EMULATION -DALT_SINGLE_THREADED    -O0 -g -Wall  -EL -mno-hw-div -mhw-mul -mno-hw-mulx   -o obj/HAL/src/alt_find_dev.o HAL/src/alt_find_dev.c
      0 [main] echo 23868 find_fast_cwd: WARNING: Couldn't compute FAST_CWD pointer.  Please report this problem to
Compiling alt_find_file.c...
the public mailing list cygwin@cygwin.com
      0 [main] mkdir 13144 find_fast_cwd: WARNING: Couldn't compute FAST_CWD pointer.  Please report this problem to
nios2-elf-gcc -xc -MP -MMD -c  -I./HAL/inc -I. -I./drivers/inc -DSYSTEM_BUS_WIDTH=32 -pipe -D__hal__ -DALT_NO_INSTRUCTION_EMULATION -DALT_SINGLE_THREADED    -O0 -g -Wall  -EL -mno-hw-div -mhw-mul -mno-hw-mulx   -o obj/HAL/src/alt_find_file.o HAL/src/alt_find_file.c
the public mailing list cygwin@cygwin.com
      0 [main] echo 21420 find_fast_cwd: WARNING: Couldn't compute FAST_CWD pointer.  Please report this problem to
Compiling alt_flash_dev.c...
the public mailing list cygwin@cygwin.com
      0 [main] mkdir 24100 find_fast_cwd: WARNING: Couldn't compute FAST_CWD pointer.  Please report this problem to
the public mailing list cygwin@cygwin.com
nios2-elf-gcc -xc -MP -MMD -c  -I./HAL/inc -I. -I./drivers/inc -DSYSTEM_BUS_WIDTH=32 -pipe -D__hal__ -DALT_NO_INSTRUCTION_EMULATION -DALT_SINGLE_THREADED    -O0 -g -Wall  -EL -mno-hw-div -mhw-mul -mno-hw-mulx   -o obj/HAL/src/alt_flash_dev.o HAL/src/alt_flash_dev.c
      0 [main] echo 9464 find_fast_cwd: WARNING: Couldn't compute FAST_CWD pointer.  Please report this problem to
Compiling alt_fork.c...
the public mailing list cygwin@cygwin.com
      0 [main] mkdir 6932 find_fast_cwd: WARNING: Couldn't compute FAST_CWD pointer.  Please report this problem to
nios2-elf-gcc -xc -MP -MMD -c  -I./HAL/inc -I. -I./drivers/inc -DSYSTEM_BUS_WIDTH=32 -pipe -D__hal__ -DALT_NO_INSTRUCTION_EMULATION -DALT_SINGLE_THREADED    -O0 -g -Wall  -EL -mno-hw-div -mhw-mul -mno-hw-mulx   -o obj/HAL/src/alt_fork.o HAL/src/alt_fork.c
the public mailing list cygwin@cygwin.com
      0 [main] echo 25464 find_fast_cwd: WARNING: Couldn't compute FAST_CWD pointer.  Please report this problem to
Compiling alt_fs_reg.c...
the public mailing list cygwin@cygwin.com
      0 [main] mkdir 20512 find_fast_cwd: WARNING: Couldn't compute FAST_CWD pointer.  Please report this problem to
the public mailing list cygwin@cygwin.com
nios2-elf-gcc -xc -MP -MMD -c  -I./HAL/inc -I. -I./drivers/inc -DSYSTEM_BUS_WIDTH=32 -pipe -D__hal__ -DALT_NO_INSTRUCTION_EMULATION -DALT_SINGLE_THREADED    -O0 -g -Wall  -EL -mno-hw-div -mhw-mul -mno-hw-mulx   -o obj/HAL/src/alt_fs_reg.o HAL/src/alt_fs_reg.c
      0 [main] echo 3644 find_fast_cwd: WARNING: Couldn't compute FAST_CWD pointer.  Please report this problem to
the public mailing list cygwin@cygwin.com
Compiling alt_fstat.c...
      0 [main] mkdir 7732 find_fast_cwd: WARNING: Couldn't compute FAST_CWD pointer.  Please report this problem to
the public mailing list cygwin@cygwin.com
nios2-elf-gcc -xc -MP -MMD -c  -I./HAL/inc -I. -I./drivers/inc -DSYSTEM_BUS_WIDTH=32 -pipe -D__hal__ -DALT_NO_INSTRUCTION_EMULATION -DALT_SINGLE_THREADED    -O0 -g -Wall  -EL -mno-hw-div -mhw-mul -mno-hw-mulx   -o obj/HAL/src/alt_fstat.o HAL/src/alt_fstat.c
      0 [main] echo 23468 find_fast_cwd: WARNING: Couldn't compute FAST_CWD pointer.  Please report this problem to
Compiling alt_get_fd.c...
the public mailing list cygwin@cygwin.com
      0 [main] mkdir 1356 find_fast_cwd: WARNING: Couldn't compute FAST_CWD pointer.  Please report this problem to
nios2-elf-gcc -xc -MP -MMD -c  -I./HAL/inc -I. -I./drivers/inc -DSYSTEM_BUS_WIDTH=32 -pipe -D__hal__ -DALT_NO_INSTRUCTION_EMULATION -DALT_SINGLE_THREADED    -O0 -g -Wall  -EL -mno-hw-div -mhw-mul -mno-hw-mulx   -o obj/HAL/src/alt_get_fd.o HAL/src/alt_get_fd.c
the public mailing list cygwin@cygwin.com
      0 [main] echo 13832 find_fast_cwd: WARNING: Couldn't compute FAST_CWD pointer.  Please report this problem to
the public mailing list cygwin@cygwin.com
Compiling alt_getchar.c...
      0 [main] mkdir 11388 find_fast_cwd: WARNING: Couldn't compute FAST_CWD pointer.  Please report this problem to
the public mailing list cygwin@cygwin.com
nios2-elf-gcc -xc -MP -MMD -c  -I./HAL/inc -I. -I./drivers/inc -DSYSTEM_BUS_WIDTH=32 -pipe -D__hal__ -DALT_NO_INSTRUCTION_EMULATION -DALT_SINGLE_THREADED    -O0 -g -Wall  -EL -mno-hw-div -mhw-mul -mno-hw-mulx   -o obj/HAL/src/alt_getchar.o HAL/src/alt_getchar.c
      0 [main] echo 18008 find_fast_cwd: WARNING: Couldn't compute FAST_CWD pointer.  Please report this problem to
Compiling alt_getpid.c...
the public mailing list cygwin@cygwin.com
      0 [main] mkdir 14980 find_fast_cwd: WARNING: Couldn't compute FAST_CWD pointer.  Please report this problem to
nios2-elf-gcc -xc -MP -MMD -c  -I./HAL/inc -I. -I./drivers/inc -DSYSTEM_BUS_WIDTH=32 -pipe -D__hal__ -DALT_NO_INSTRUCTION_EMULATION -DALT_SINGLE_THREADED    -O0 -g -Wall  -EL -mno-hw-div -mhw-mul -mno-hw-mulx   -o obj/HAL/src/alt_getpid.o HAL/src/alt_getpid.c
the public mailing list cygwin@cygwin.com
      0 [main] echo 16260 find_fast_cwd: WARNING: Couldn't compute FAST_CWD pointer.  Please report this problem to
Compiling alt_gettod.c...
the public mailing list cygwin@cygwin.com
      0 [main] mkdir 25456 find_fast_cwd: WARNING: Couldn't compute FAST_CWD pointer.  Please report this problem to
nios2-elf-gcc -xc -MP -MMD -c  -I./HAL/inc -I. -I./drivers/inc -DSYSTEM_BUS_WIDTH=32 -pipe -D__hal__ -DALT_NO_INSTRUCTION_EMULATION -DALT_SINGLE_THREADED    -O0 -g -Wall  -EL -mno-hw-div -mhw-mul -mno-hw-mulx   -o obj/HAL/src/alt_gettod.o HAL/src/alt_gettod.c
the public mailing list cygwin@cygwin.com
      0 [main] echo 2864 find_fast_cwd: WARNING: Couldn't compute FAST_CWD pointer.  Please report this problem to
the public mailing list cygwin@cygwin.com
Compiling alt_gmon.c...
      0 [main] mkdir 18836 find_fast_cwd: WARNING: Couldn't compute FAST_CWD pointer.  Please report this problem to
nios2-elf-gcc -xc -MP -MMD -c  -I./HAL/inc -I. -I./drivers/inc -DSYSTEM_BUS_WIDTH=32 -pipe -D__hal__ -DALT_NO_INSTRUCTION_EMULATION -DALT_SINGLE_THREADED    -O0 -g -Wall  -EL -mno-hw-div -mhw-mul -mno-hw-mulx   -o obj/HAL/src/alt_gmon.o HAL/src/alt_gmon.c
the public mailing list cygwin@cygwin.com
      0 [main] echo 19788 find_fast_cwd: WARNING: Couldn't compute FAST_CWD pointer.  Please report this problem to
the public mailing list cygwin@cygwin.com
Compiling alt_icache_flush.c...
      0 [main] mkdir 24860 find_fast_cwd: WARNING: Couldn't compute FAST_CWD pointer.  Please report this problem to
the public mailing list cygwin@cygwin.com
nios2-elf-gcc -xc -MP -MMD -c  -I./HAL/inc -I. -I./drivers/inc -DSYSTEM_BUS_WIDTH=32 -pipe -D__hal__ -DALT_NO_INSTRUCTION_EMULATION -DALT_SINGLE_THREADED    -O0 -g -Wall  -EL -mno-hw-div -mhw-mul -mno-hw-mulx   -o obj/HAL/src/alt_icache_flush.o HAL/src/alt_icache_flush.c
      0 [main] echo 20352 find_fast_cwd: WARNING: Couldn't compute FAST_CWD pointer.  Please report this problem to
Compiling alt_icache_flush_all.c...
the public mailing list cygwin@cygwin.com
      0 [main] mkdir 6928 find_fast_cwd: WARNING: Couldn't compute FAST_CWD pointer.  Please report this problem to
nios2-elf-gcc -xc -MP -MMD -c  -I./HAL/inc -I. -I./drivers/inc -DSYSTEM_BUS_WIDTH=32 -pipe -D__hal__ -DALT_NO_INSTRUCTION_EMULATION -DALT_SINGLE_THREADED    -O0 -g -Wall  -EL -mno-hw-div -mhw-mul -mno-hw-mulx   -o obj/HAL/src/alt_icache_flush_all.o HAL/src/alt_icache_flush_all.c
the public mailing list cygwin@cygwin.com
      0 [main] echo 8016 find_fast_cwd: WARNING: Couldn't compute FAST_CWD pointer.  Please report this problem to
Compiling alt_iic.c...
the public mailing list cygwin@cygwin.com
      0 [main] mkdir 21600 find_fast_cwd: WARNING: Couldn't compute FAST_CWD pointer.  Please report this problem to
the public mailing list cygwin@cygwin.com
nios2-elf-gcc -xc -MP -MMD -c  -I./HAL/inc -I. -I./drivers/inc -DSYSTEM_BUS_WIDTH=32 -pipe -D__hal__ -DALT_NO_INSTRUCTION_EMULATION -DALT_SINGLE_THREADED    -O0 -g -Wall  -EL -mno-hw-div -mhw-mul -mno-hw-mulx   -o obj/HAL/src/alt_iic.o HAL/src/alt_iic.c
      0 [main] echo 14812 find_fast_cwd: WARNING: Couldn't compute FAST_CWD pointer.  Please report this problem to
Compiling alt_iic_isr_register.c...
the public mailing list cygwin@cygwin.com
      0 [main] mkdir 7420 find_fast_cwd: WARNING: Couldn't compute FAST_CWD pointer.  Please report this problem to
nios2-elf-gcc -xc -MP -MMD -c  -I./HAL/inc -I. -I./drivers/inc -DSYSTEM_BUS_WIDTH=32 -pipe -D__hal__ -DALT_NO_INSTRUCTION_EMULATION -DALT_SINGLE_THREADED    -O0 -g -Wall  -EL -mno-hw-div -mhw-mul -mno-hw-mulx   -o obj/HAL/src/alt_iic_isr_register.o HAL/src/alt_iic_isr_register.c
the public mailing list cygwin@cygwin.com
      0 [main] echo 12448 find_fast_cwd: WARNING: Couldn't compute FAST_CWD pointer.  Please report this problem to
Compiling alt_instruction_exception_entry.c...
the public mailing list cygwin@cygwin.com
      0 [main] mkdir 21608 find_fast_cwd: WARNING: Couldn't compute FAST_CWD pointer.  Please report this problem to
nios2-elf-gcc -xc -MP -MMD -c  -I./HAL/inc -I. -I./drivers/inc -DSYSTEM_BUS_WIDTH=32 -pipe -D__hal__ -DALT_NO_INSTRUCTION_EMULATION -DALT_SINGLE_THREADED    -O0 -g -Wall  -EL -mno-hw-div -mhw-mul -mno-hw-mulx   -o obj/HAL/src/alt_instruction_exception_entry.o HAL/src/alt_instruction_exception_entry.c
the public mailing list cygwin@cygwin.com
      0 [main] echo 20676 find_fast_cwd: WARNING: Couldn't compute FAST_CWD pointer.  Please report this problem to
Compiling alt_instruction_exception_register.c...
the public mailing list cygwin@cygwin.com
      0 [main] mkdir 22664 find_fast_cwd: WARNING: Couldn't compute FAST_CWD pointer.  Please report this problem to
the public mailing list cygwin@cygwin.com
nios2-elf-gcc -xc -MP -MMD -c  -I./HAL/inc -I. -I./drivers/inc -DSYSTEM_BUS_WIDTH=32 -pipe -D__hal__ -DALT_NO_INSTRUCTION_EMULATION -DALT_SINGLE_THREADED    -O0 -g -Wall  -EL -mno-hw-div -mhw-mul -mno-hw-mulx   -o obj/HAL/src/alt_instruction_exception_register.o HAL/src/alt_instruction_exception_register.c
      0 [main] echo 14588 find_fast_cwd: WARNING: Couldn't compute FAST_CWD pointer.  Please report this problem to
Compiling alt_io_redirect.c...
the public mailing list cygwin@cygwin.com
      0 [main] mkdir 4464 find_fast_cwd: WARNING: Couldn't compute FAST_CWD pointer.  Please report this problem to
nios2-elf-gcc -xc -MP -MMD -c  -I./HAL/inc -I. -I./drivers/inc -DSYSTEM_BUS_WIDTH=32 -pipe -D__hal__ -DALT_NO_INSTRUCTION_EMULATION -DALT_SINGLE_THREADED    -O0 -g -Wall  -EL -mno-hw-div -mhw-mul -mno-hw-mulx   -o obj/HAL/src/alt_io_redirect.o HAL/src/alt_io_redirect.c
the public mailing list cygwin@cygwin.com
      0 [main] echo 24712 find_fast_cwd: WARNING: Couldn't compute FAST_CWD pointer.  Please report this problem to
the public mailing list cygwin@cygwin.com
Compiling alt_ioctl.c...
      0 [main] mkdir 25296 find_fast_cwd: WARNING: Couldn't compute FAST_CWD pointer.  Please report this problem to
nios2-elf-gcc -xc -MP -MMD -c  -I./HAL/inc -I. -I./drivers/inc -DSYSTEM_BUS_WIDTH=32 -pipe -D__hal__ -DALT_NO_INSTRUCTION_EMULATION -DALT_SINGLE_THREADED    -O0 -g -Wall  -EL -mno-hw-div -mhw-mul -mno-hw-mulx   -o obj/HAL/src/alt_ioctl.o HAL/src/alt_ioctl.c
the public mailing list cygwin@cygwin.com
      0 [main] echo 25056 find_fast_cwd: WARNING: Couldn't compute FAST_CWD pointer.  Please report this problem to
Compiling alt_irq_entry.S...
the public mailing list cygwin@cygwin.com
      0 [main] mkdir 16520 find_fast_cwd: WARNING: Couldn't compute FAST_CWD pointer.  Please report this problem to
nios2-elf-gcc -MP -MMD -c   -O0 -g -Wall  -EL -mno-hw-div -mhw-mul -mno-hw-mulx    -I./HAL/inc -I. -I./drivers/inc -DSYSTEM_BUS_WIDTH=32 -pipe -D__hal__ -DALT_NO_INSTRUCTION_EMULATION -DALT_SINGLE_THREADED  -Wa,-gdwarf2  -o obj/HAL/src/alt_irq_entry.o HAL/src/alt_irq_entry.S
the public mailing list cygwin@cygwin.com
      0 [main] echo 9364 find_fast_cwd: WARNING: Couldn't compute FAST_CWD pointer.  Please report this problem to
Compiling alt_irq_handler.c...
the public mailing list cygwin@cygwin.com
      0 [main] mkdir 24760 find_fast_cwd: WARNING: Couldn't compute FAST_CWD pointer.  Please report this problem to
the public mailing list cygwin@cygwin.com
nios2-elf-gcc -xc -MP -MMD -c  -I./HAL/inc -I. -I./drivers/inc -DSYSTEM_BUS_WIDTH=32 -pipe -D__hal__ -DALT_NO_INSTRUCTION_EMULATION -DALT_SINGLE_THREADED    -O0 -g -Wall  -EL -mno-hw-div -mhw-mul -mno-hw-mulx   -o obj/HAL/src/alt_irq_handler.o HAL/src/alt_irq_handler.c
      0 [main] echo 20504 find_fast_cwd: WARNING: Couldn't compute FAST_CWD pointer.  Please report this problem to
Compiling alt_irq_register.c...
the public mailing list cygwin@cygwin.com
      0 [main] mkdir 24268 find_fast_cwd: WARNING: Couldn't compute FAST_CWD pointer.  Please report this problem to
the public mailing list cygwin@cygwin.com
nios2-elf-gcc -xc -MP -MMD -c  -I./HAL/inc -I. -I./drivers/inc -DSYSTEM_BUS_WIDTH=32 -pipe -D__hal__ -DALT_NO_INSTRUCTION_EMULATION -DALT_SINGLE_THREADED    -O0 -g -Wall  -EL -mno-hw-div -mhw-mul -mno-hw-mulx   -o obj/HAL/src/alt_irq_register.o HAL/src/alt_irq_register.c
      0 [main] echo 25340 find_fast_cwd: WARNING: Couldn't compute FAST_CWD pointer.  Please report this problem to
the public mailing list cygwin@cygwin.com
Compiling alt_irq_vars.c...
      0 [main] mkdir 11364 find_fast_cwd: WARNING: Couldn't compute FAST_CWD pointer.  Please report this problem to
nios2-elf-gcc -xc -MP -MMD -c  -I./HAL/inc -I. -I./drivers/inc -DSYSTEM_BUS_WIDTH=32 -pipe -D__hal__ -DALT_NO_INSTRUCTION_EMULATION -DALT_SINGLE_THREADED    -O0 -g -Wall  -EL -mno-hw-div -mhw-mul -mno-hw-mulx   -o obj/HAL/src/alt_irq_vars.o HAL/src/alt_irq_vars.c
the public mailing list cygwin@cygwin.com
      0 [main] echo 20284 find_fast_cwd: WARNING: Couldn't compute FAST_CWD pointer.  Please report this problem to
Compiling alt_isatty.c...
the public mailing list cygwin@cygwin.com
      0 [main] mkdir 18324 find_fast_cwd: WARNING: Couldn't compute FAST_CWD pointer.  Please report this problem to
nios2-elf-gcc -xc -MP -MMD -c  -I./HAL/inc -I. -I./drivers/inc -DSYSTEM_BUS_WIDTH=32 -pipe -D__hal__ -DALT_NO_INSTRUCTION_EMULATION -DALT_SINGLE_THREADED    -O0 -g -Wall  -EL -mno-hw-div -mhw-mul -mno-hw-mulx   -o obj/HAL/src/alt_isatty.o HAL/src/alt_isatty.c
the public mailing list cygwin@cygwin.com
      0 [main] echo 21188 find_fast_cwd: WARNING: Couldn't compute FAST_CWD pointer.  Please report this problem to
Compiling alt_kill.c...
the public mailing list cygwin@cygwin.com
      0 [main] mkdir 10588 find_fast_cwd: WARNING: Couldn't compute FAST_CWD pointer.  Please report this problem to
nios2-elf-gcc -xc -MP -MMD -c  -I./HAL/inc -I. -I./drivers/inc -DSYSTEM_BUS_WIDTH=32 -pipe -D__hal__ -DALT_NO_INSTRUCTION_EMULATION -DALT_SINGLE_THREADED    -O0 -g -Wall  -EL -mno-hw-div -mhw-mul -mno-hw-mulx   -o obj/HAL/src/alt_kill.o HAL/src/alt_kill.c
the public mailing list cygwin@cygwin.com
      0 [main] echo 15988 find_fast_cwd: WARNING: Couldn't compute FAST_CWD pointer.  Please report this problem to
the public mailing list cygwin@cygwin.com
Compiling alt_link.c...
      0 [main] mkdir 11636 find_fast_cwd: WARNING: Couldn't compute FAST_CWD pointer.  Please report this problem to
the public mailing list cygwin@cygwin.com
nios2-elf-gcc -xc -MP -MMD -c  -I./HAL/inc -I. -I./drivers/inc -DSYSTEM_BUS_WIDTH=32 -pipe -D__hal__ -DALT_NO_INSTRUCTION_EMULATION -DALT_SINGLE_THREADED    -O0 -g -Wall  -EL -mno-hw-div -mhw-mul -mno-hw-mulx   -o obj/HAL/src/alt_link.o HAL/src/alt_link.c
      0 [main] echo 18492 find_fast_cwd: WARNING: Couldn't compute FAST_CWD pointer.  Please report this problem to
the public mailing list cygwin@cygwin.com
Compiling alt_load.c...
      0 [main] mkdir 20248 find_fast_cwd: WARNING: Couldn't compute FAST_CWD pointer.  Please report this problem to
the public mailing list cygwin@cygwin.com
nios2-elf-gcc -xc -MP -MMD -c  -I./HAL/inc -I. -I./drivers/inc -DSYSTEM_BUS_WIDTH=32 -pipe -D__hal__ -DALT_NO_INSTRUCTION_EMULATION -DALT_SINGLE_THREADED    -O0 -g -Wall  -EL -mno-hw-div -mhw-mul -mno-hw-mulx   -o obj/HAL/src/alt_load.o HAL/src/alt_load.c
      0 [main] echo 1724 find_fast_cwd: WARNING: Couldn't compute FAST_CWD pointer.  Please report this problem to
the public mailing list cygwin@cygwin.com
Compiling alt_log_macro.S...
      0 [main] mkdir 21616 find_fast_cwd: WARNING: Couldn't compute FAST_CWD pointer.  Please report this problem to
the public mailing list cygwin@cygwin.com
nios2-elf-gcc -MP -MMD -c   -O0 -g -Wall  -EL -mno-hw-div -mhw-mul -mno-hw-mulx    -I./HAL/inc -I. -I./drivers/inc -DSYSTEM_BUS_WIDTH=32 -pipe -D__hal__ -DALT_NO_INSTRUCTION_EMULATION -DALT_SINGLE_THREADED  -Wa,-gdwarf2  -o obj/HAL/src/alt_log_macro.o HAL/src/alt_log_macro.S
      0 [main] echo 24080 find_fast_cwd: WARNING: Couldn't compute FAST_CWD pointer.  Please report this problem to
the public mailing list cygwin@cygwin.com
Compiling alt_log_printf.c...
      0 [main] mkdir 21520 find_fast_cwd: WARNING: Couldn't compute FAST_CWD pointer.  Please report this problem to
the public mailing list cygwin@cygwin.com
nios2-elf-gcc -xc -MP -MMD -c  -I./HAL/inc -I. -I./drivers/inc -DSYSTEM_BUS_WIDTH=32 -pipe -D__hal__ -DALT_NO_INSTRUCTION_EMULATION -DALT_SINGLE_THREADED    -O0 -g -Wall  -EL -mno-hw-div -mhw-mul -mno-hw-mulx   -o obj/HAL/src/alt_log_printf.o HAL/src/alt_log_printf.c
      0 [main] echo 23832 find_fast_cwd: WARNING: Couldn't compute FAST_CWD pointer.  Please report this problem to
the public mailing list cygwin@cygwin.com
Compiling alt_lseek.c...
      0 [main] mkdir 13924 find_fast_cwd: WARNING: Couldn't compute FAST_CWD pointer.  Please report this problem to
nios2-elf-gcc -xc -MP -MMD -c  -I./HAL/inc -I. -I./drivers/inc -DSYSTEM_BUS_WIDTH=32 -pipe -D__hal__ -DALT_NO_INSTRUCTION_EMULATION -DALT_SINGLE_THREADED    -O0 -g -Wall  -EL -mno-hw-div -mhw-mul -mno-hw-mulx   -o obj/HAL/src/alt_lseek.o HAL/src/alt_lseek.c
the public mailing list cygwin@cygwin.com
      0 [main] echo 21596 find_fast_cwd: WARNING: Couldn't compute FAST_CWD pointer.  Please report this problem to
Compiling alt_main.c...
the public mailing list cygwin@cygwin.com
      0 [main] mkdir 25352 find_fast_cwd: WARNING: Couldn't compute FAST_CWD pointer.  Please report this problem to
nios2-elf-gcc -xc -MP -MMD -c  -I./HAL/inc -I. -I./drivers/inc -DSYSTEM_BUS_WIDTH=32 -pipe -D__hal__ -DALT_NO_INSTRUCTION_EMULATION -DALT_SINGLE_THREADED    -O0 -g -Wall  -EL -mno-hw-div -mhw-mul -mno-hw-mulx   -o obj/HAL/src/alt_main.o HAL/src/alt_main.c
the public mailing list cygwin@cygwin.com
      0 [main] echo 9580 find_fast_cwd: WARNING: Couldn't compute FAST_CWD pointer.  Please report this problem to
Compiling alt_malloc_lock.c...
the public mailing list cygwin@cygwin.com
      0 [main] mkdir 2880 find_fast_cwd: WARNING: Couldn't compute FAST_CWD pointer.  Please report this problem to
nios2-elf-gcc -xc -MP -MMD -c  -I./HAL/inc -I. -I./drivers/inc -DSYSTEM_BUS_WIDTH=32 -pipe -D__hal__ -DALT_NO_INSTRUCTION_EMULATION -DALT_SINGLE_THREADED    -O0 -g -Wall  -EL -mno-hw-div -mhw-mul -mno-hw-mulx   -o obj/HAL/src/alt_malloc_lock.o HAL/src/alt_malloc_lock.c
the public mailing list cygwin@cygwin.com
      0 [main] echo 4300 find_fast_cwd: WARNING: Couldn't compute FAST_CWD pointer.  Please report this problem to
Compiling alt_mcount.S...
the public mailing list cygwin@cygwin.com
      0 [main] mkdir 3756 find_fast_cwd: WARNING: Couldn't compute FAST_CWD pointer.  Please report this problem to
the public mailing list cygwin@cygwin.com
nios2-elf-gcc -MP -MMD -c   -O0 -g -Wall  -EL -mno-hw-div -mhw-mul -mno-hw-mulx    -I./HAL/inc -I. -I./drivers/inc -DSYSTEM_BUS_WIDTH=32 -pipe -D__hal__ -DALT_NO_INSTRUCTION_EMULATION -DALT_SINGLE_THREADED  -Wa,-gdwarf2  -o obj/HAL/src/alt_mcount.o HAL/src/alt_mcount.S
      0 [main] echo 8616 find_fast_cwd: WARNING: Couldn't compute FAST_CWD pointer.  Please report this problem to
Compiling alt_open.c...
the public mailing list cygwin@cygwin.com
      0 [main] mkdir 22448 find_fast_cwd: WARNING: Couldn't compute FAST_CWD pointer.  Please report this problem to
the public mailing list cygwin@cygwin.com
nios2-elf-gcc -xc -MP -MMD -c  -I./HAL/inc -I. -I./drivers/inc -DSYSTEM_BUS_WIDTH=32 -pipe -D__hal__ -DALT_NO_INSTRUCTION_EMULATION -DALT_SINGLE_THREADED    -O0 -g -Wall  -EL -mno-hw-div -mhw-mul -mno-hw-mulx   -o obj/HAL/src/alt_open.o HAL/src/alt_open.c
      0 [main] echo 24108 find_fast_cwd: WARNING: Couldn't compute FAST_CWD pointer.  Please report this problem to
Compiling alt_printf.c...
the public mailing list cygwin@cygwin.com
      0 [main] mkdir 24980 find_fast_cwd: WARNING: Couldn't compute FAST_CWD pointer.  Please report this problem to
nios2-elf-gcc -xc -MP -MMD -c  -I./HAL/inc -I. -I./drivers/inc -DSYSTEM_BUS_WIDTH=32 -pipe -D__hal__ -DALT_NO_INSTRUCTION_EMULATION -DALT_SINGLE_THREADED    -O0 -g -Wall  -EL -mno-hw-div -mhw-mul -mno-hw-mulx   -o obj/HAL/src/alt_printf.o HAL/src/alt_printf.c
the public mailing list cygwin@cygwin.com
      0 [main] echo 19804 find_fast_cwd: WARNING: Couldn't compute FAST_CWD pointer.  Please report this problem to
the public mailing list cygwin@cygwin.com
Compiling alt_putchar.c...
      0 [main] mkdir 19380 find_fast_cwd: WARNING: Couldn't compute FAST_CWD pointer.  Please report this problem to
the public mailing list cygwin@cygwin.com
nios2-elf-gcc -xc -MP -MMD -c  -I./HAL/inc -I. -I./drivers/inc -DSYSTEM_BUS_WIDTH=32 -pipe -D__hal__ -DALT_NO_INSTRUCTION_EMULATION -DALT_SINGLE_THREADED    -O0 -g -Wall  -EL -mno-hw-div -mhw-mul -mno-hw-mulx   -o obj/HAL/src/alt_putchar.o HAL/src/alt_putchar.c
      0 [main] echo 20344 find_fast_cwd: WARNING: Couldn't compute FAST_CWD pointer.  Please report this problem to
Compiling alt_putstr.c...
the public mailing list cygwin@cygwin.com
      0 [main] mkdir 12764 find_fast_cwd: WARNING: Couldn't compute FAST_CWD pointer.  Please report this problem to
nios2-elf-gcc -xc -MP -MMD -c  -I./HAL/inc -I. -I./drivers/inc -DSYSTEM_BUS_WIDTH=32 -pipe -D__hal__ -DALT_NO_INSTRUCTION_EMULATION -DALT_SINGLE_THREADED    -O0 -g -Wall  -EL -mno-hw-div -mhw-mul -mno-hw-mulx   -o obj/HAL/src/alt_putstr.o HAL/src/alt_putstr.c
the public mailing list cygwin@cygwin.com
      0 [main] echo 22176 find_fast_cwd: WARNING: Couldn't compute FAST_CWD pointer.  Please report this problem to
Compiling alt_read.c...
the public mailing list cygwin@cygwin.com
      0 [main] mkdir 24748 find_fast_cwd: WARNING: Couldn't compute FAST_CWD pointer.  Please report this problem to
nios2-elf-gcc -xc -MP -MMD -c  -I./HAL/inc -I. -I./drivers/inc -DSYSTEM_BUS_WIDTH=32 -pipe -D__hal__ -DALT_NO_INSTRUCTION_EMULATION -DALT_SINGLE_THREADED    -O0 -g -Wall  -EL -mno-hw-div -mhw-mul -mno-hw-mulx   -o obj/HAL/src/alt_read.o HAL/src/alt_read.c
the public mailing list cygwin@cygwin.com
      0 [main] echo 9292 find_fast_cwd: WARNING: Couldn't compute FAST_CWD pointer.  Please report this problem to
Compiling alt_release_fd.c...
the public mailing list cygwin@cygwin.com
      0 [main] mkdir 24928 find_fast_cwd: WARNING: Couldn't compute FAST_CWD pointer.  Please report this problem to
nios2-elf-gcc -xc -MP -MMD -c  -I./HAL/inc -I. -I./drivers/inc -DSYSTEM_BUS_WIDTH=32 -pipe -D__hal__ -DALT_NO_INSTRUCTION_EMULATION -DALT_SINGLE_THREADED    -O0 -g -Wall  -EL -mno-hw-div -mhw-mul -mno-hw-mulx   -o obj/HAL/src/alt_release_fd.o HAL/src/alt_release_fd.c
the public mailing list cygwin@cygwin.com
      0 [main] echo 6024 find_fast_cwd: WARNING: Couldn't compute FAST_CWD pointer.  Please report this problem to
the public mailing list cygwin@cygwin.com
Compiling alt_remap_cached.c...
      0 [main] mkdir 13684 find_fast_cwd: WARNING: Couldn't compute FAST_CWD pointer.  Please report this problem to
the public mailing list cygwin@cygwin.com
nios2-elf-gcc -xc -MP -MMD -c  -I./HAL/inc -I. -I./drivers/inc -DSYSTEM_BUS_WIDTH=32 -pipe -D__hal__ -DALT_NO_INSTRUCTION_EMULATION -DALT_SINGLE_THREADED    -O0 -g -Wall  -EL -mno-hw-div -mhw-mul -mno-hw-mulx   -o obj/HAL/src/alt_remap_cached.o HAL/src/alt_remap_cached.c
      0 [main] echo 3132 find_fast_cwd: WARNING: Couldn't compute FAST_CWD pointer.  Please report this problem to
Compiling alt_remap_uncached.c...
the public mailing list cygwin@cygwin.com
      0 [main] mkdir 19864 find_fast_cwd: WARNING: Couldn't compute FAST_CWD pointer.  Please report this problem to
nios2-elf-gcc -xc -MP -MMD -c  -I./HAL/inc -I. -I./drivers/inc -DSYSTEM_BUS_WIDTH=32 -pipe -D__hal__ -DALT_NO_INSTRUCTION_EMULATION -DALT_SINGLE_THREADED    -O0 -g -Wall  -EL -mno-hw-div -mhw-mul -mno-hw-mulx   -o obj/HAL/src/alt_remap_uncached.o HAL/src/alt_remap_uncached.c
the public mailing list cygwin@cygwin.com
      0 [main] echo 24164 find_fast_cwd: WARNING: Couldn't compute FAST_CWD pointer.  Please report this problem to
Compiling alt_rename.c...
the public mailing list cygwin@cygwin.com
      0 [main] mkdir 23480 find_fast_cwd: WARNING: Couldn't compute FAST_CWD pointer.  Please report this problem to
the public mailing list cygwin@cygwin.com
nios2-elf-gcc -xc -MP -MMD -c  -I./HAL/inc -I. -I./drivers/inc -DSYSTEM_BUS_WIDTH=32 -pipe -D__hal__ -DALT_NO_INSTRUCTION_EMULATION -DALT_SINGLE_THREADED    -O0 -g -Wall  -EL -mno-hw-div -mhw-mul -mno-hw-mulx   -o obj/HAL/src/alt_rename.o HAL/src/alt_rename.c
      0 [main] echo 24560 find_fast_cwd: WARNING: Couldn't compute FAST_CWD pointer.  Please report this problem to
Compiling alt_sbrk.c...
the public mailing list cygwin@cygwin.com
      0 [main] mkdir 19796 find_fast_cwd: WARNING: Couldn't compute FAST_CWD pointer.  Please report this problem to
the public mailing list cygwin@cygwin.com
nios2-elf-gcc -xc -MP -MMD -c  -I./HAL/inc -I. -I./drivers/inc -DSYSTEM_BUS_WIDTH=32 -pipe -D__hal__ -DALT_NO_INSTRUCTION_EMULATION -DALT_SINGLE_THREADED    -O0 -g -Wall  -EL -mno-hw-div -mhw-mul -mno-hw-mulx   -o obj/HAL/src/alt_sbrk.o HAL/src/alt_sbrk.c
     44 [main] echo 24756 find_fast_cwd: WARNING: Couldn't compute FAST_CWD pointer.  Please report this problem to
the public mailing list cygwin@cygwin.com
Compiling alt_settod.c...
      0 [main] mkdir 23000 find_fast_cwd: WARNING: Couldn't compute FAST_CWD pointer.  Please report this problem to
the public mailing list cygwin@cygwin.com
nios2-elf-gcc -xc -MP -MMD -c  -I./HAL/inc -I. -I./drivers/inc -DSYSTEM_BUS_WIDTH=32 -pipe -D__hal__ -DALT_NO_INSTRUCTION_EMULATION -DALT_SINGLE_THREADED    -O0 -g -Wall  -EL -mno-hw-div -mhw-mul -mno-hw-mulx   -o obj/HAL/src/alt_settod.o HAL/src/alt_settod.c
      0 [main] echo 21992 find_fast_cwd: WARNING: Couldn't compute FAST_CWD pointer.  Please report this problem to
Compiling alt_software_exception.S...
the public mailing list cygwin@cygwin.com
      0 [main] mkdir 10676 find_fast_cwd: WARNING: Couldn't compute FAST_CWD pointer.  Please report this problem to
the public mailing list cygwin@cygwin.com
nios2-elf-gcc -MP -MMD -c   -O0 -g -Wall  -EL -mno-hw-div -mhw-mul -mno-hw-mulx    -I./HAL/inc -I. -I./drivers/inc -DSYSTEM_BUS_WIDTH=32 -pipe -D__hal__ -DALT_NO_INSTRUCTION_EMULATION -DALT_SINGLE_THREADED  -Wa,-gdwarf2  -o obj/HAL/src/alt_software_exception.o HAL/src/alt_software_exception.S
      0 [main] echo 9804 find_fast_cwd: WARNING: Couldn't compute FAST_CWD pointer.  Please report this problem to
Compiling alt_stat.c...
the public mailing list cygwin@cygwin.com
      1 [main] mkdir 24408 find_fast_cwd: WARNING: Couldn't compute FAST_CWD pointer.  Please report this problem to
nios2-elf-gcc -xc -MP -MMD -c  -I./HAL/inc -I. -I./drivers/inc -DSYSTEM_BUS_WIDTH=32 -pipe -D__hal__ -DALT_NO_INSTRUCTION_EMULATION -DALT_SINGLE_THREADED    -O0 -g -Wall  -EL -mno-hw-div -mhw-mul -mno-hw-mulx   -o obj/HAL/src/alt_stat.o HAL/src/alt_stat.c
the public mailing list cygwin@cygwin.com
      0 [main] echo 15908 find_fast_cwd: WARNING: Couldn't compute FAST_CWD pointer.  Please report this problem to
Compiling alt_tick.c...
the public mailing list cygwin@cygwin.com
      0 [main] mkdir 18832 find_fast_cwd: WARNING: Couldn't compute FAST_CWD pointer.  Please report this problem to
nios2-elf-gcc -xc -MP -MMD -c  -I./HAL/inc -I. -I./drivers/inc -DSYSTEM_BUS_WIDTH=32 -pipe -D__hal__ -DALT_NO_INSTRUCTION_EMULATION -DALT_SINGLE_THREADED    -O0 -g -Wall  -EL -mno-hw-div -mhw-mul -mno-hw-mulx   -o obj/HAL/src/alt_tick.o HAL/src/alt_tick.c
the public mailing list cygwin@cygwin.com

**** Build of configuration Nios II for project test ****

Error: Command canceled

**** Build Finished ****

**** Clean-only build of configuration Nios II for project cb_bsp ****

make clean 
      1 [main] pwd 8724 find_fast_cwd: WARNING: Couldn't compute FAST_CWD pointer.  Please report this problem to
the public mailing list cygwin@cygwin.com
      0 [main] sh 11616 find_fast_cwd: WARNING: Couldn't compute FAST_CWD pointer.  Please report this problem to
the public mailing list cygwin@cygwin.com
      0 [main] rm 1484 find_fast_cwd: WARNING: Couldn't compute FAST_CWD pointer.  Please report this problem to
the public mailing list cygwin@cygwin.com
      0 [main] sh 5696 find_fast_cwd: WARNING: Couldn't compute FAST_CWD pointer.  Please report this problem to
the public mailing list cygwin@cygwin.com
[BSP clean complete]

**** Build Finished ****

**** Clean-only build of configuration Nios II for project cb ****

make clean 
      0 [main] sh 12340 find_fast_cwd: WARNING: Couldn't compute FAST_CWD pointer.  Please report this problem to
the public mailing list cygwin@cygwin.com
      0 [main] sh 14596 find_fast_cwd: WARNING: Couldn't compute FAST_CWD pointer.  Please report this problem to
the public mailing list cygwin@cygwin.com
      0 [main] rm 12720 find_fast_cwd: WARNING: Couldn't compute FAST_CWD pointer.  Please report this problem to
the public mailing list cygwin@cygwin.com
      0 [main] sh 7528 find_fast_cwd: WARNING: Couldn't compute FAST_CWD pointer.  Please report this problem to
the public mailing list cygwin@cygwin.com
[cb clean complete]

**** Build Finished ****

**** Clean-only build of configuration Nios II for project LEDLAMP_bsp ****

make clean 
      1 [main] pwd 3284 find_fast_cwd: WARNING: Couldn't compute FAST_CWD pointer.  Please report this problem to
the public mailing list cygwin@cygwin.com
      0 [main] sh 1028 find_fast_cwd: WARNING: Couldn't compute FAST_CWD pointer.  Please report this problem to
the public mailing list cygwin@cygwin.com
      1 [main] rm 10176 find_fast_cwd: WARNING: Couldn't compute FAST_CWD pointer.  Please report this problem to
the public mailing list cygwin@cygwin.com
      0 [main] sh 13200 find_fast_cwd: WARNING: Couldn't compute FAST_CWD pointer.  Please report this problem to
the public mailing list cygwin@cygwin.com
[BSP clean complete]

**** Build Finished ****

**** Clean-only build of configuration Nios II for project LEDLAMP ****

make clean 
      0 [main] sh 10524 find_fast_cwd: WARNING: Couldn't compute FAST_CWD pointer.  Please report this problem to
the public mailing list cygwin@cygwin.com
      0 [main] sh 10452 find_fast_cwd: WARNING: Couldn't compute FAST_CWD pointer.  Please report this problem to
the public mailing list cygwin@cygwin.com
      0 [main] rm 11828 find_fast_cwd: WARNING: Couldn't compute FAST_CWD pointer.  Please report this problem to
the public mailing list cygwin@cygwin.com
      1 [main] sh 5504 find_fast_cwd: WARNING: Couldn't compute FAST_CWD pointer.  Please report this problem to
the public mailing list cygwin@cygwin.com
[LEDLAMP clean complete]

**** Build Finished ****
